0 info it worked if it ends with ok
1 verbose cli [ '/usr/local/Cellar/node/0.10.21/bin/node',
1 verbose cli   '/usr/local/bin/npm',
1 verbose cli   'publish' ]
2 info using npm@1.3.11
3 info using node@v0.10.21
4 verbose publish [ '.' ]
5 verbose cache add [ '.', null ]
6 verbose cache add name=undefined spec="." args=[".",null]
7 verbose parsed url { protocol: null,
7 verbose parsed url   slashes: null,
7 verbose parsed url   auth: null,
7 verbose parsed url   host: null,
7 verbose parsed url   port: null,
7 verbose parsed url   hostname: null,
7 verbose parsed url   hash: null,
7 verbose parsed url   search: null,
7 verbose parsed url   query: null,
7 verbose parsed url   pathname: '.',
7 verbose parsed url   path: '.',
7 verbose parsed url   href: '.' }
8 silly lockFile 3a52ce78- .
9 verbose lock . /Users/robchristian/.npm/3a52ce78-.lock
10 verbose tar pack [ '/var/folders/fw/jgkzzksd7snfy1zncfxp3p200000gn/T/npm-39382-kFkIrLAy/1388379748535-0.3855844021309167/tmp.tgz',
10 verbose tar pack   '.' ]
11 verbose tarball /var/folders/fw/jgkzzksd7snfy1zncfxp3p200000gn/T/npm-39382-kFkIrLAy/1388379748535-0.3855844021309167/tmp.tgz
12 verbose folder .
13 silly lockFile 1f1177db-tar tar://.
14 verbose lock tar://. /Users/robchristian/.npm/1f1177db-tar.lock
15 silly lockFile 62fc5b02-48535-0-3855844021309167-tmp-tgz tar:///var/folders/fw/jgkzzksd7snfy1zncfxp3p200000gn/T/npm-39382-kFkIrLAy/1388379748535-0.3855844021309167/tmp.tgz
16 verbose lock tar:///var/folders/fw/jgkzzksd7snfy1zncfxp3p200000gn/T/npm-39382-kFkIrLAy/1388379748535-0.3855844021309167/tmp.tgz /Users/robchristian/.npm/62fc5b02-48535-0-3855844021309167-tmp-tgz.lock
17 silly lockFile 1f1177db-tar tar://.
18 silly lockFile 1f1177db-tar tar://.
19 silly lockFile 62fc5b02-48535-0-3855844021309167-tmp-tgz tar:///var/folders/fw/jgkzzksd7snfy1zncfxp3p200000gn/T/npm-39382-kFkIrLAy/1388379748535-0.3855844021309167/tmp.tgz
20 silly lockFile 62fc5b02-48535-0-3855844021309167-tmp-tgz tar:///var/folders/fw/jgkzzksd7snfy1zncfxp3p200000gn/T/npm-39382-kFkIrLAy/1388379748535-0.3855844021309167/tmp.tgz
21 verbose tar unpack /var/folders/fw/jgkzzksd7snfy1zncfxp3p200000gn/T/npm-39382-kFkIrLAy/1388379748535-0.3855844021309167/tmp.tgz
22 silly lockFile db66e2e4-48535-0-3855844021309167-package tar:///var/folders/fw/jgkzzksd7snfy1zncfxp3p200000gn/T/npm-39382-kFkIrLAy/1388379748535-0.3855844021309167/package
23 verbose lock tar:///var/folders/fw/jgkzzksd7snfy1zncfxp3p200000gn/T/npm-39382-kFkIrLAy/1388379748535-0.3855844021309167/package /Users/robchristian/.npm/db66e2e4-48535-0-3855844021309167-package.lock
24 silly lockFile 62fc5b02-48535-0-3855844021309167-tmp-tgz tar:///var/folders/fw/jgkzzksd7snfy1zncfxp3p200000gn/T/npm-39382-kFkIrLAy/1388379748535-0.3855844021309167/tmp.tgz
25 verbose lock tar:///var/folders/fw/jgkzzksd7snfy1zncfxp3p200000gn/T/npm-39382-kFkIrLAy/1388379748535-0.3855844021309167/tmp.tgz /Users/robchristian/.npm/62fc5b02-48535-0-3855844021309167-tmp-tgz.lock
26 silly gunzTarPerm modes [ '755', '644' ]
27 silly gunzTarPerm extractEntry package.json
28 silly gunzTarPerm extractEntry .npmignore
29 silly gunzTarPerm extractEntry README.md
30 silly gunzTarPerm extractEntry LICENSE
31 silly gunzTarPerm extractEntry runway.js
32 silly lockFile db66e2e4-48535-0-3855844021309167-package tar:///var/folders/fw/jgkzzksd7snfy1zncfxp3p200000gn/T/npm-39382-kFkIrLAy/1388379748535-0.3855844021309167/package
33 silly lockFile db66e2e4-48535-0-3855844021309167-package tar:///var/folders/fw/jgkzzksd7snfy1zncfxp3p200000gn/T/npm-39382-kFkIrLAy/1388379748535-0.3855844021309167/package
34 silly lockFile 62fc5b02-48535-0-3855844021309167-tmp-tgz tar:///var/folders/fw/jgkzzksd7snfy1zncfxp3p200000gn/T/npm-39382-kFkIrLAy/1388379748535-0.3855844021309167/tmp.tgz
35 silly lockFile 62fc5b02-48535-0-3855844021309167-tmp-tgz tar:///var/folders/fw/jgkzzksd7snfy1zncfxp3p200000gn/T/npm-39382-kFkIrLAy/1388379748535-0.3855844021309167/tmp.tgz
36 verbose tar pack [ '/Users/robchristian/.npm/runway/2.14.36-beta/package.tgz',
36 verbose tar pack   '/var/folders/fw/jgkzzksd7snfy1zncfxp3p200000gn/T/npm-39382-kFkIrLAy/1388379748535-0.3855844021309167/package' ]
37 verbose tarball /Users/robchristian/.npm/runway/2.14.36-beta/package.tgz
38 verbose folder /var/folders/fw/jgkzzksd7snfy1zncfxp3p200000gn/T/npm-39382-kFkIrLAy/1388379748535-0.3855844021309167/package
39 silly lockFile db66e2e4-48535-0-3855844021309167-package tar:///var/folders/fw/jgkzzksd7snfy1zncfxp3p200000gn/T/npm-39382-kFkIrLAy/1388379748535-0.3855844021309167/package
40 verbose lock tar:///var/folders/fw/jgkzzksd7snfy1zncfxp3p200000gn/T/npm-39382-kFkIrLAy/1388379748535-0.3855844021309167/package /Users/robchristian/.npm/db66e2e4-48535-0-3855844021309167-package.lock
41 silly lockFile abfd4508--runway-2-14-36-beta-package-tgz tar:///Users/robchristian/.npm/runway/2.14.36-beta/package.tgz
42 verbose lock tar:///Users/robchristian/.npm/runway/2.14.36-beta/package.tgz /Users/robchristian/.npm/abfd4508--runway-2-14-36-beta-package-tgz.lock
43 silly lockFile db66e2e4-48535-0-3855844021309167-package tar:///var/folders/fw/jgkzzksd7snfy1zncfxp3p200000gn/T/npm-39382-kFkIrLAy/1388379748535-0.3855844021309167/package
44 silly lockFile db66e2e4-48535-0-3855844021309167-package tar:///var/folders/fw/jgkzzksd7snfy1zncfxp3p200000gn/T/npm-39382-kFkIrLAy/1388379748535-0.3855844021309167/package
45 silly lockFile abfd4508--runway-2-14-36-beta-package-tgz tar:///Users/robchristian/.npm/runway/2.14.36-beta/package.tgz
46 silly lockFile abfd4508--runway-2-14-36-beta-package-tgz tar:///Users/robchristian/.npm/runway/2.14.36-beta/package.tgz
47 silly lockFile cc86ffe4--npm-runway-2-14-36-beta-package /Users/robchristian/.npm/runway/2.14.36-beta/package
48 verbose lock /Users/robchristian/.npm/runway/2.14.36-beta/package /Users/robchristian/.npm/cc86ffe4--npm-runway-2-14-36-beta-package.lock
49 silly lockFile cc86ffe4--npm-runway-2-14-36-beta-package /Users/robchristian/.npm/runway/2.14.36-beta/package
50 silly lockFile cc86ffe4--npm-runway-2-14-36-beta-package /Users/robchristian/.npm/runway/2.14.36-beta/package
51 verbose tar unpack /Users/robchristian/.npm/runway/2.14.36-beta/package.tgz
52 silly lockFile 977afc71--npm-runway-2-14-36-beta-package tar:///Users/robchristian/.npm/runway/2.14.36-beta/package
53 verbose lock tar:///Users/robchristian/.npm/runway/2.14.36-beta/package /Users/robchristian/.npm/977afc71--npm-runway-2-14-36-beta-package.lock
54 silly lockFile abfd4508--runway-2-14-36-beta-package-tgz tar:///Users/robchristian/.npm/runway/2.14.36-beta/package.tgz
55 verbose lock tar:///Users/robchristian/.npm/runway/2.14.36-beta/package.tgz /Users/robchristian/.npm/abfd4508--runway-2-14-36-beta-package-tgz.lock
56 silly gunzTarPerm modes [ '755', '644' ]
57 silly gunzTarPerm extractEntry package.json
58 silly gunzTarPerm extractEntry .npmignore
59 silly gunzTarPerm extractEntry README.md
60 silly gunzTarPerm extractEntry LICENSE
61 silly gunzTarPerm extractEntry runway.js
62 silly lockFile 977afc71--npm-runway-2-14-36-beta-package tar:///Users/robchristian/.npm/runway/2.14.36-beta/package
63 silly lockFile 977afc71--npm-runway-2-14-36-beta-package tar:///Users/robchristian/.npm/runway/2.14.36-beta/package
64 silly lockFile abfd4508--runway-2-14-36-beta-package-tgz tar:///Users/robchristian/.npm/runway/2.14.36-beta/package.tgz
65 silly lockFile abfd4508--runway-2-14-36-beta-package-tgz tar:///Users/robchristian/.npm/runway/2.14.36-beta/package.tgz
66 verbose chmod /Users/robchristian/.npm/runway/2.14.36-beta/package.tgz 644
67 verbose chown /Users/robchristian/.npm/runway/2.14.36-beta/package.tgz [ 501, 20 ]
68 silly lockFile 3a52ce78- .
69 silly lockFile 3a52ce78- .
70 silly publish { name: 'runway',
70 silly publish   version: '2.14.36-beta',
70 silly publish   description: 'Stupidly simple, performance-oriented router module for node.js apps.',
70 silly publish   main: 'runway.js',
70 silly publish   directories: { test: 'test' },
70 silly publish   dependencies: { 'lodash-node': '~2.4.1' },
70 silly publish   devDependencies: {},
70 silly publish   scripts: { test: 'echo "Error: no test specified" && exit 1' },
70 silly publish   repository: { type: 'git', url: 'https://github.com/rm-rf-etc/runway.git' },
70 silly publish   keywords: [ 'router', 'node.js', 'performance', 'module' ],
70 silly publish   author: { name: 'Rob Christian' },
70 silly publish   license: 'MIT',
70 silly publish   bugs: { url: 'https://github.com/rm-rf-etc/runway/issues' },
70 silly publish   readme: 'Runway.js\n==========\n\nStupidly simple, performance-oriented router module for node.js apps. Belongs to the Encore framework\nproject: [encore.jit.su](http://encore.jit.su) | [github.com/rm-rf-etc/encore](http://github.com/rm-rf-etc/encore)  \n\n[![NPM](https://nodei.co/npm/runway.png?downloads=true)](https://nodei.co/npm/runway/)\n\n## Intro...\nRunway is currently in beta. Please consider contributing or staring this repo on npm\nif you like what has been done so far.\n\nTo see the examples, clone it from [github](http://github.com/rm-rf-etc/runway), and then  \n\n* tryout `node examples/basic.js` and then browse to `localhost:8080/`.  \n* find additional tests in `node test/test.js`.  \n* try running `node test/perf.js` to run the performance tests.  \n\nlatest test stats (19-Dec-2013):\n```\nwith internal redirect x 120,344 ops/sec ±0.66% (91 runs sampled)\nwithout internal redirect x 117,947 ops/sec ±0.81% (98 runs sampled)\n```\n\nRunway is built upon lodash-node, the best performance-oriented utility library available.\nJsPerf.com is the first place of reference for runtime performance design considerations.\n\n## Usage:\n\nrouter is a function having the following arguments convention:\n```\nrouter  ( string url        [, filters],        controller             )\ngroup   ( string base_url   [, default filters] [, default controller] )\ngrouped route  ( string url [, filters]         [, controller]         )\n```\n* [] = optional argument.  \n* filters = array of functions which accept (request, response, arguments, methods, callback). A filter must invokde callback(), or method.error(code), or method.redirect(url).  \n* controller = function which accepts (request, response, arguments, methods).  \n* default = object to use if grouped route does not provide its own.  \n\n\n_routes.js_\n```js\n// find this code under examples/ in the github repo.\nvar router = require(\'../runway\')\n\n/**\n * Controllers\n */\n// i = input, o = output, a = args, r = router-provided methods\nvar controllers = {}\ncontrollers.index = function(i,o,a,r){ o.end(\'index\') }\ncontrollers.users = function(i,o,a,r){ o.end(\'users\') }\ncontrollers.home  = function(i,o,a,r){ o.end(\'home\')  }\ncontrollers.basic = function(i,o,a,r){ o.end(\'default. args: \'+a) }\n\n// This is probably the simplest approach to RESTful resource controllers in JS.\ncontrollers.myResource = function(i,o,a,r){\n    var fn = controllers.myResource[i.method.toLowerCase()]\n    if (fn)\n        fn(i,o,a,r)\n    else\n        r.error(\'404\')\n}\ncontrollers.myResource.get = function(i,o,a,r){ o.end(\'get received\') }\ncontrollers.myResource.post = function(i,o,a,r){ o.end(\'post received\') }\ncontrollers.myResource.put = function(i,o,a,r){ o.end(\'put received\') }\ncontrollers.myResource.delete = function(i,o,a,r){ o.end(\'delete received\') }\n\n/**\n * Filters\n */\nfunction isMobile(i,o,a,r,next){\n    if (/mobile/g.test(i[\'user-agent\']))\n        r.i_redirect(controllers.index)\n    next()\n}\nfunction hasAuth(i,o,a,r,next){\n    // auth logic goes here...\n    next()\n}\n// This is one way to restrict protocol types.\nfunction GET(i,o,a,r,next){ (i.method !== \'GET\') ? r.error(\'404\') : next() }\nfunction POST(i,o,a,r,next){ (i.method !== \'POST\') ? r.error(\'404\') : next() }\n\n/**\n * Routes\n */\nrouter.config( {logger: console.log} )\n\n( \'/\', controllers.index )\n( \'home/\', controllers.home )\n( \'home/users/{int}/\', [GET], controllers.users )\n//      route filters    ^\n\n// This is to show how groups behave.\n.group( \'/api/v1/\', [isMobile, hasAuth], controllers.basic )\n    ( \'/user/edit/{any}/\', [GET] ) // <--this filter overrides those that were provided in the group declaration.\n    ( \'/user/update/{any}/\', [POST], controllers.users )\n    ( \'/admin/edit/{any}/\', controllers.myResource )\n    ( \'/moderator/edit/{any}/\' )\n.endgroup\n\n( \'more/\', function(req,res){ res.end(\'more\') } )\n```\n\n_basic.js_\n```js\nrequire(\'./routes.js\')\nvar router = require(\'runway\')\nvar server = require(\'http\').createServer(router.listener)\nserver.listen(8080)\n```\n\n### Configuration API\nYou can add your own wildcard expressions:\n```js\n// The properties \'card\' and \'pattern\' must both be strings. Patterns must contain\n// a parenthesis group, so the value can be captured during routing. Use curly braces\n// around cards since they\'re invalid URL characters, you will never receive a request\n// containing the same pattern as your wildcard\'s name.\nrouter.config({\n    wildcards:[\n        {card:\'{xyz}\', pattern:\'(x|y|z)\'    },\n        {card:\'{uid}\', pattern:\'(\\d\\d\\d\\d)\' }\n    ]\n})\n```\n\nProvide your own 404 response:\n```js\nvar handlebars = require(\'handlebars\')\nvar tpl = require(\'fs\').fileReadSync(\'fancy_errors_template.html\')\nvar myFancyError = handlebars.compile(tpl)\n\nrouter.config({\n    error: function(code,i,o,a){\n        res.end( myFancyError(code) )\n    }\n})\n```\n\n## Description\nRunway.js, a router module for node.js. It is a minimalist, tree structure,\nperformance-oriented solution, intended to support large projects with many routes.\n\nThe syntax is designed to be simplistic, uncluttered, and feature-rich.\n\n## Features\n* Route to any standard request event listener (any function which receives request\nand response objects, as per standard node.js convention).  \n* Group routes upon a common base path, + optionally shared controller and/or\nroute filters.  \n* router.config() provides functionality extension.  \n* Override the default 404 handler.  \n* Add your own wildcard expressions.  \n\nDefault wildcard patterns:  \n```js\nvar wildcards = [\n    { card: \'{int}\', pattern: \'([1-9][0-9]*)\'    },\n    { card: \'{any}\', pattern: \'([0-9a-zA-Z-_]+)\' },\n    { card: \'{a-z}\', pattern: \'([a-zA-Z]+)\'      },\n    { card: \'{num}\', pattern: \'([0-9]+)\'         }\n]\n```\n\n## How it works:\nRunway creates a nested object out of each route, representing a single branch of the\ntree. It then merges that branch object into the tree object, which automatically\ncombines matching paths, including path segments which have matching regular\nexpressions.\n\nRouter.listener is your main node request listener. When a request event fires,\nlistener() climbs the tree until it reaches the end of the path and finds a leaf\nnode. A leaf node is an array of functions, where the last function is the controller\nyou provided. If a leaf node is not found, the default 404 method is called, which\nwill send the reply, ending the current request.\n\n### Using Filters:\nEach function in the leaf node array is a filter, except the last one, which is\nyour controller. Otherwise they are identical. As such, you can easily reuse filtering\nlogic across large groups of routes, easily defining how to intercept incoming data\nand how to modify it before finally invoking the controller.\n\n_filter convention:_  \n`function (request, response, arguments, routing, next) { /* logic */ }`  \nRequest and response you will recognize from all your regular node HTTP request\nlisteners.  \n* Arguments is an array of values parsed from the URL, one for each wildcard you used.\n* Routing is an object containing callbacks for redirecting or responding with an\nerror page:  \n\n```\nrouting.i_redirect(controller) // Route instead to controller.\nrouting.redirect(url) // Send a 302 response with url as the destination.\nrouting.error(code) // Call res.end(code). This feature will be improved soon.\n```  \n* Next is a callback, invoke this to continue on to the next filter or the controller.\n\nA filter must invoke either next(), routing.redirect(), or routing.error(). Otherwise\nIf next() is not invoked, the routing process will not continue through the filters,\non to the controller, and likely no response will be sent back, leaving the client\nhanging.\n\n## How To Run The Tests\n```\n$ git clone http://github.com/rm-rf-etc/runway.git\n$ cd runway\n$ npm install\n$ npm install benchmark\n$ node test/test.js\n```\n\n## License\nThe MIT License (MIT)\n\nCopyright (c) 2013 Rob Christian\n\nPermission is hereby granted, free of charge, to any person obtaining a copy of\nthis software and associated documentation files (the "Software"), to deal in\nthe Software without restriction, including without limitation the rights to\nuse, copy, modify, merge, publish, distribute, sublicense, and/or sell copies of\nthe Software, and to permit persons to whom the Software is furnished to do so,\nsubject to the following conditions:\n\nThe above copyright notice and this permission notice shall be included in all\ncopies or substantial portions of the Software.\n\nTHE SOFTWARE IS PROVIDED "AS IS", WITHOUT WARRANTY OF ANY KIND, EXPRESS OR\nIMPLIED, INCLUDING BUT NOT LIMITED TO THE WARRANTIES OF MERCHANTABILITY, FITNESS\nFOR A PARTICULAR PURPOSE AND NONINFRINGEMENT. IN NO EVENT SHALL THE AUTHORS OR\nCOPYRIGHT HOLDERS BE LIABLE FOR ANY CLAIM, DAMAGES OR OTHER LIABILITY, WHETHER\nIN AN ACTION OF CONTRACT, TORT OR OTHERWISE, ARISING FROM, OUT OF OR IN\nCONNECTION WITH THE SOFTWARE OR THE USE OR OTHER DEALINGS IN THE SOFTWARE.\n',
70 silly publish   readmeFilename: 'README.md',
70 silly publish   _id: 'runway@2.14.36-beta',
70 silly publish   dist: { shasum: '8b1469a32b98cd5c4f654dcc993d49b1fcf66b0a' },
70 silly publish   _from: '.' }
71 verbose url raw runway
72 verbose url resolving [ 'https://registry.npmjs.org/', './runway' ]
73 verbose url resolved https://registry.npmjs.org/runway
74 info trying registry request attempt 1 at 21:02:28
75 http PUT https://registry.npmjs.org/runway
76 http 409 https://registry.npmjs.org/runway
77 verbose url raw runway
78 verbose url resolving [ 'https://registry.npmjs.org/', './runway' ]
79 verbose url resolved https://registry.npmjs.org/runway
80 info trying registry request attempt 1 at 21:02:28
81 http GET https://registry.npmjs.org/runway
82 http 200 https://registry.npmjs.org/runway
83 error publish fail Cannot publish over existing version.
83 error publish fail Update the 'version' field in package.json and try again.
83 error publish fail
83 error publish fail If the previous version was published in error, see:
83 error publish fail     npm help unpublish
83 error publish fail
83 error publish fail To automatically increment version numbers, see:
83 error publish fail     npm help version
84 error System Darwin 12.5.0
85 error command "/usr/local/Cellar/node/0.10.21/bin/node" "/usr/local/bin/npm" "publish"
86 error cwd /Users/robchristian/www/npm-published/runway
87 error node -v v0.10.21
88 error npm -v 1.3.11
89 error code EPUBLISHCONFLICT
90 verbose exit [ 1, true ]
